<?xml version="1.0" encoding="UTF-8"?>
<!-- Generated by org.testng.reporters.JUnitXMLReporter -->
<testsuite ignored="0" hostname="DESKTOP-5L7M33A" failures="0" tests="4" name="Default test" time="13.214" errors="0" timestamp="2022-04-20T15:43:39 EDT">
  <testcase classname="com.test.DataProvider_from_excelFile" name="loginTest" time="5.654"/>
  <testcase classname="com.test.DataProvider_from_excelFile" name="loginTest" time="1.005"/>
  <testcase classname="com.test.DataProvider_from_excelFile" name="loginTest" time="0.964"/>
  <testcase classname="com.test.DataProvider_from_excelFile" name="loginTest" time="0.87"/>
</testsuite> <!-- Default test -->
