<?xml version="1.0" encoding="UTF-8"?>
<!-- Generated by org.testng.reporters.JUnitXMLReporter -->
<testsuite ignored="0" hostname="DESKTOP-5L7M33A" failures="0" tests="26" name="Different testng Feature Test" time="57.25" errors="0" timestamp="2022-04-18T15:30:26 EDT">
  <testcase classname="com.test.ExceptionTimeOutTest" name="test1" time="0.005"/>
  <testcase classname="com.test.GoogleTest" name="googleTitleTest" time="0.018"/>
  <testcase classname="com.test.GoogleTest" name="googleLogoTest" time="0.181"/>
  <testcase classname="com.test.GoogleTest" name="gmailLinkTest" time="0.05"/>
  <testcase classname="com.test.GoogleTest" name="test1" time="0.001"/>
  <testcase classname="com.test.GoogleTest" name="test2" time="0.001"/>
  <testcase classname="com.test.GoogleTest" name="test3" time="0.0"/>
  <testcase classname="com.test.GoogleTitleTest" name="googleLogoTest" time="0.294"/>
  <testcase classname="com.test.GoogleTitleTest" name="googleTitleTest" time="0.023"/>
  <testcase classname="com.test.InvocationCountTest" name="sum" time="0.001"/>
  <testcase classname="com.test.InvocationCountTest" name="sum" time="0.001"/>
  <testcase classname="com.test.InvocationCountTest" name="sum" time="0.001"/>
  <testcase classname="com.test.InvocationCountTest" name="sum" time="0.001"/>
  <testcase classname="com.test.InvocationCountTest" name="sum" time="0.005"/>
  <testcase classname="com.test.InvocationCountTest" name="sum" time="0.001"/>
  <testcase classname="com.test.InvocationCountTest" name="sum" time="0.001"/>
  <testcase classname="com.test.InvocationCountTest" name="sum" time="0.001"/>
  <testcase classname="com.test.InvocationCountTest" name="sum" time="0.002"/>
  <testcase classname="com.test.InvocationCountTest" name="sum" time="0.001"/>
  <testcase classname="com.test.TestNGBasics" name="googleLogoTest" time="0.001"/>
  <testcase classname="com.test.TestNGBasics" name="googleTitleTest" time="0.001"/>
  <testcase classname="com.test.TestNGBasics" name="searchTest" time="0.001"/>
  <testcase classname="com.test.TestNGFeature" name="loginTest" time="0.001"/>
  <testcase classname="com.test.TestNGFeature" name="homePageTest" time="0.001"/>
  <testcase classname="com.test.TestNGFeature" name="registPageTest" time="0.003"/>
  <testcase classname="com.test.TestNGFeature" name="searchPageTest" time="0.001"/>
</testsuite> <!-- Different testng Feature Test -->
