<?xml version="1.0" encoding="UTF-8"?>
<testng-results ignored="0" total="4" passed="4" failed="0" skipped="0">
  <reporter-output>
  </reporter-output>
  <suite started-at="2022-04-20T15:43:25 EDT" name="Default suite" finished-at="2022-04-20T15:43:39 EDT" duration-ms="13214">
    <groups>
    </groups>
    <test started-at="2022-04-20T15:43:25 EDT" name="Default test" finished-at="2022-04-20T15:43:39 EDT" duration-ms="13214">
      <class name="com.test.DataProvider_from_excelFile">
        <test-method is-config="true" signature="setUp()[pri:0, instance:com.test.DataProvider_from_excelFile@ffaa6af]" started-at="2022-04-20T15:43:25 EDT" name="setUp" finished-at="2022-04-20T15:43:28 EDT" duration-ms="2807" status="PASS">
          <reporter-output>
          </reporter-output>
        </test-method> <!-- setUp -->
        <test-method signature="loginTest(java.lang.String,java.lang.String,java.lang.String)[pri:0, instance:com.test.DataProvider_from_excelFile@ffaa6af]" started-at="2022-04-20T15:43:30 EDT" name="loginTest" data-provider="LoginData" finished-at="2022-04-20T15:43:36 EDT" duration-ms="5654" status="PASS">
          <params>
            <param index="0">
              <value>
                <![CDATA[admin@yourstore.com]]>
              </value>
            </param>
            <param index="1">
              <value>
                <![CDATA[admin]]>
              </value>
            </param>
            <param index="2">
              <value>
                <![CDATA[valid]]>
              </value>
            </param>
          </params>
          <reporter-output>
          </reporter-output>
        </test-method> <!-- loginTest -->
        <test-method signature="loginTest(java.lang.String,java.lang.String,java.lang.String)[pri:0, instance:com.test.DataProvider_from_excelFile@ffaa6af]" started-at="2022-04-20T15:43:36 EDT" name="loginTest" data-provider="LoginData" finished-at="2022-04-20T15:43:37 EDT" duration-ms="1005" status="PASS">
          <params>
            <param index="0">
              <value>
                <![CDATA[admin@yourstore.com]]>
              </value>
            </param>
            <param index="1">
              <value>
                <![CDATA[adm]]>
              </value>
            </param>
            <param index="2">
              <value>
                <![CDATA[invalid]]>
              </value>
            </param>
          </params>
          <reporter-output>
          </reporter-output>
        </test-method> <!-- loginTest -->
        <test-method signature="loginTest(java.lang.String,java.lang.String,java.lang.String)[pri:0, instance:com.test.DataProvider_from_excelFile@ffaa6af]" started-at="2022-04-20T15:43:37 EDT" name="loginTest" data-provider="LoginData" finished-at="2022-04-20T15:43:38 EDT" duration-ms="964" status="PASS">
          <params>
            <param index="0">
              <value>
                <![CDATA[adm@yourstore.com]]>
              </value>
            </param>
            <param index="1">
              <value>
                <![CDATA[admin]]>
              </value>
            </param>
            <param index="2">
              <value>
                <![CDATA[invalid]]>
              </value>
            </param>
          </params>
          <reporter-output>
          </reporter-output>
        </test-method> <!-- loginTest -->
        <test-method signature="loginTest(java.lang.String,java.lang.String,java.lang.String)[pri:0, instance:com.test.DataProvider_from_excelFile@ffaa6af]" started-at="2022-04-20T15:43:38 EDT" name="loginTest" data-provider="LoginData" finished-at="2022-04-20T15:43:39 EDT" duration-ms="870" status="PASS">
          <params>
            <param index="0">
              <value>
                <![CDATA[adm@yourstore.com]]>
              </value>
            </param>
            <param index="1">
              <value>
                <![CDATA[adm]]>
              </value>
            </param>
            <param index="2">
              <value>
                <![CDATA[invalid]]>
              </value>
            </param>
          </params>
          <reporter-output>
          </reporter-output>
        </test-method> <!-- loginTest -->
        <test-method is-config="true" signature="tearDown()[pri:0, instance:com.test.DataProvider_from_excelFile@ffaa6af]" started-at="2022-04-20T15:43:39 EDT" name="tearDown" finished-at="2022-04-20T15:43:39 EDT" duration-ms="119" status="PASS">
          <reporter-output>
          </reporter-output>
        </test-method> <!-- tearDown -->
      </class> <!-- com.test.DataProvider_from_excelFile -->
    </test> <!-- Default test -->
  </suite> <!-- Default suite -->
</testng-results>
